Using pre-set license
Built from '2020.3/release' branch; Version is '2020.3.12f1 (b3b2c6512326) revision 11776710'; Using compiler version '192528614'; Build Type 'Release'
OS: 'Windows 10 Pro; OS build 19042.1052; Version 2009; 64bit' Language: 'tr' Physical Memory: 16239 MB
BatchMode: 1, IsHumanControllingUs: 0, StartBugReporterOnCrash: 0, Is64bit: 1, IsPro: 0

 COMMAND LINE ARGUMENTS:
C:\Program Files\Unity\Hub\Editor\2020.3.12f1\Editor\Unity.exe
-adb2
-batchMode
-noUpm
-name
AssetImportWorker0
-projectPath
C:/Users/ATA BARAN/Desktop/endless runner2
-logFile
Logs/AssetImportWorker0.log
-srvPort
53681
Successfully changed project path to: C:/Users/ATA BARAN/Desktop/endless runner2
C:/Users/ATA BARAN/Desktop/endless runner2
Using Asset Import Pipeline V2.
Refreshing native plugins compatible for Editor in 32.05 ms, found 2 plugins.
Preloading 0 native plugins for Editor in 0.00 ms.
Initialize engine version: 2020.3.12f1 (b3b2c6512326)
[Subsystems] Discovering subsystems at path C:/Program Files/Unity/Hub/Editor/2020.3.12f1/Editor/Data/Resources/UnitySubsystems
[Subsystems] Discovering subsystems at path C:/Users/ATA BARAN/Desktop/endless runner2/Assets
GfxDevice: creating device client; threaded=0
Direct3D:
    Version:  Direct3D 11.0 [level 11.1]
    Renderer: NVIDIA GeForce GTX 1650 (ID=0x1f91)
    Vendor:   
    VRAM:     3962 MB
    Driver:   27.21.14.6677
Initialize mono
Mono path[0] = 'C:/Program Files/Unity/Hub/Editor/2020.3.12f1/Editor/Data/Managed'
Mono path[1] = 'C:/Program Files/Unity/Hub/Editor/2020.3.12f1/Editor/Data/MonoBleedingEdge/lib/mono/unityjit'
Mono config path = 'C:/Program Files/Unity/Hub/Editor/2020.3.12f1/Editor/Data/MonoBleedingEdge/etc'
Using monoOptions --debugger-agent=transport=dt_socket,embedding=1,server=y,suspend=n,address=127.0.0.1:56924
Begin MonoManager ReloadAssembly
Registering precompiled unity dll's ...
Register platform support module: C:/Program Files/Unity/Hub/Editor/2020.3.12f1/Editor/Data/PlaybackEngines/WindowsStandaloneSupport/UnityEditor.WindowsStandalone.Extensions.dll
Registered in 0.002135 seconds.
Native extension for WindowsStandalone target not found
Refreshing native plugins compatible for Editor in 37.56 ms, found 2 plugins.
Preloading 0 native plugins for Editor in 0.00 ms.
Mono: successfully reloaded assembly
- Completed reload, in  2.026 seconds
Platform modules already initialized, skipping
Registering precompiled user dll's ...
Registered in 0.004071 seconds.
Begin MonoManager ReloadAssembly
Native extension for WindowsStandalone target not found
Refreshing native plugins compatible for Editor in 0.30 ms, found 2 plugins.
Preloading 0 native plugins for Editor in 0.00 ms.
Mono: successfully reloaded assembly
- Completed reload, in  1.067 seconds
Platform modules already initialized, skipping
========================================================================
Worker process is ready to serve import requests
Launched and connected shader compiler UnityShaderCompiler.exe after 0.06 seconds
Refreshing native plugins compatible for Editor in 0.34 ms, found 2 plugins.
Preloading 0 native plugins for Editor in 0.00 ms.
Unloading 1461 Unused Serialized files (Serialized files now loaded: 0)
System memory in use before: 69.4 MB.
System memory in use after: 69.5 MB.

Unloading 19 unused Assets to reduce memory usage. Loaded Objects now: 1894.
Total: 1.990000 ms (FindLiveObjects: 0.149600 ms CreateObjectMapping: 0.047700 ms MarkObjects: 1.715900 ms  DeleteObjects: 0.075700 ms)

AssetImportParameters requested are different than current active one (requested -> active):
  custom:framework-win-MediaFoundation: 216162199b28c13a410421893ffa2e32 -> 
  custom:video-decoder-ogg-theora: a1e56fd34408186e4bbccfd4996cb3dc -> 
  custom:container-muxer-webm: aa71ff27fc2769a1b78a27578f13a17b -> 
  custom:container-demuxer-webm: 4f35f7cbe854078d1ac9338744f61a02 -> 
  custom:container-demuxer-ogg: 62fdf1f143b41e24485cea50d1cbac27 -> 
  custom:video-encoder-webm-vp8: eb34c28f22e8b96e1ab97ce403110664 -> 
  custom:video-decoder-webm-vp8: 9c59270c3fd7afecdb556c50c9e8de78 -> 
  custom:audio-decoder-ogg-vorbis: bf7c407c2cedff20999df2af8eb42d56 -> 
  custom:audio-encoder-webm-vorbis: bf7c407c2cedff20999df2af8eb42d56 -> 
========================================================================
Received Import Request.
  path: Assets/New Terrain.asset
  artifactKey: Guid(9345fdf9e554d8f43979f24dc3f57978) Importer(815301076,1909f56bfc062723c751e8b465ee728b)
Start importing Assets/New Terrain.asset using Guid(9345fdf9e554d8f43979f24dc3f57978) Importer(815301076,1909f56bfc062723c751e8b465ee728b)  -> (artifact id: '68281aa836fe255009523fd33ac3e4a4') in 0.057882 seconds 
  Import took 0.060481 seconds .

========================================================================
Received Import Request.
  Time since last request: 0.000291 seconds.
  path: Assets/Oyun.unity
  artifactKey: Guid(98455535db7f94847b22ba9bf49676c0) Importer(815301076,1909f56bfc062723c751e8b465ee728b)
Start importing Assets/Oyun.unity using Guid(98455535db7f94847b22ba9bf49676c0) Importer(815301076,1909f56bfc062723c751e8b465ee728b)  -> (artifact id: 'fc95e1e93c0afe3fe95029b1cad6cf54') in 0.007261 seconds 
  Import took 0.009708 seconds .

========================================================================
Received Import Request.
  Time since last request: 0.000247 seconds.
  path: Assets/kisspng-computer-icons-running-clip-art-run-5abbc1f092d4b9.8944627515222543206014.png
  artifactKey: Guid(ba23ea821e22c744788d03d910b65bcc) Importer(815301076,1909f56bfc062723c751e8b465ee728b)
Start importing Assets/kisspng-computer-icons-running-clip-art-run-5abbc1f092d4b9.8944627515222543206014.png using Guid(ba23ea821e22c744788d03d910b65bcc) Importer(815301076,1909f56bfc062723c751e8b465ee728b)  -> (artifact id: '9367a4be5e54d8fec6541618618e7b2d') in 0.093228 seconds 
  Import took 0.095894 seconds .

========================================================================
Received Import Request.
  Time since last request: 0.000271 seconds.
  path: Assets/Cube 3.prefab
  artifactKey: Guid(4c4bd245ef1c3974890dddcf98ea1d05) Importer(815301076,1909f56bfc062723c751e8b465ee728b)
Start importing Assets/Cube 3.prefab using Guid(4c4bd245ef1c3974890dddcf98ea1d05) Importer(815301076,1909f56bfc062723c751e8b465ee728b)  -> (artifact id: '7ea42e800dac194bb5235a215ea5355d') in 1.082492 seconds 
  Import took 1.097765 seconds .

========================================================================
Received Import Request.
  Time since last request: 0.002609 seconds.
  path: Assets/coin_PNG36943.png
  artifactKey: Guid(55b9bf45812f3cd42bbc4857e8ab603b) Importer(815301076,1909f56bfc062723c751e8b465ee728b)
Start importing Assets/coin_PNG36943.png using Guid(55b9bf45812f3cd42bbc4857e8ab603b) Importer(815301076,1909f56bfc062723c751e8b465ee728b)  -> (artifact id: '260dfa8925f77170114e804287806e22') in 0.080285 seconds 
  Import took 0.087545 seconds .

========================================================================
Received Import Request.
  Time since last request: 0.000243 seconds.
  path: Assets/çim.mat
  artifactKey: Guid(2a20cda0b24693e4fbed4903070e17a9) Importer(815301076,1909f56bfc062723c751e8b465ee728b)
Start importing Assets/çim.mat using Guid(2a20cda0b24693e4fbed4903070e17a9) Importer(815301076,1909f56bfc062723c751e8b465ee728b)  -> (artifact id: '359b708f81ca8d221b53d6d993db6255') in 0.109382 seconds 
  Import took 0.112064 seconds .

========================================================================
Received Import Request.
  Time since last request: 0.000283 seconds.
  path: Assets/Cube 1.prefab
  artifactKey: Guid(af31cf09d935feb4391b2827f05f30b5) Importer(815301076,1909f56bfc062723c751e8b465ee728b)
Start importing Assets/Cube 1.prefab using Guid(af31cf09d935feb4391b2827f05f30b5) Importer(815301076,1909f56bfc062723c751e8b465ee728b)  -> (artifact id: '8363eca6ddd86ae47653ef5de1cacd61') in 0.416527 seconds 
  Import took 0.423098 seconds .

========================================================================
Received Import Request.
  Time since last request: 0.000297 seconds.
  path: Assets/coin.prefab
  artifactKey: Guid(1873291b70935c04db3ccd9a39763ce7) Importer(815301076,1909f56bfc062723c751e8b465ee728b)
Start importing Assets/coin.prefab using Guid(1873291b70935c04db3ccd9a39763ce7) Importer(815301076,1909f56bfc062723c751e8b465ee728b)  -> (artifact id: '21227b9ce75ab67a41b6c85cc1d29b96') in 0.077071 seconds 
  Import took 0.080592 seconds .

========================================================================
Received Import Request.
  Time since last request: 0.000197 seconds.
  path: Assets/kisspng-computer-icons-running-clip-art-run-5abbc1f092d4b9.8944627515222543206014 1.png
  artifactKey: Guid(d3afe3f64088c8745a22c2fd1a190679) Importer(815301076,1909f56bfc062723c751e8b465ee728b)
Start importing Assets/kisspng-computer-icons-running-clip-art-run-5abbc1f092d4b9.8944627515222543206014 1.png using Guid(d3afe3f64088c8745a22c2fd1a190679) Importer(815301076,1909f56bfc062723c751e8b465ee728b)  -> (artifact id: '9866da8cc255b7676835ed979cb39b18') in 0.019354 seconds 
  Import took 0.022246 seconds .

========================================================================
Received Import Request.
  Time since last request: 0.000250 seconds.
  path: Assets/Cube.prefab
  artifactKey: Guid(b41202c7e32f51d47b6ca0b55bbe5519) Importer(815301076,1909f56bfc062723c751e8b465ee728b)
Start importing Assets/Cube.prefab using Guid(b41202c7e32f51d47b6ca0b55bbe5519) Importer(815301076,1909f56bfc062723c751e8b465ee728b)  -> (artifact id: 'b37c726cb00c8a5f05cd7d0670fcf72f') in 0.361732 seconds 
  Import took 0.367709 seconds .

========================================================================
Received Import Request.
  Time since last request: 0.000385 seconds.
  path: Assets/Cube 2.prefab
  artifactKey: Guid(d6f3bac91685891429592707f390235c) Importer(815301076,1909f56bfc062723c751e8b465ee728b)
Start importing Assets/Cube 2.prefab using Guid(d6f3bac91685891429592707f390235c) Importer(815301076,1909f56bfc062723c751e8b465ee728b)  -> (artifact id: '072d2e857a73a9df4831f3808c80c46c') in 0.444031 seconds 
  Import took 0.450755 seconds .

========================================================================
Received Import Request.
  Time since last request: 0.000249 seconds.
  path: Assets/Fence.prefab
  artifactKey: Guid(c39d9e257b68f874d9863c8fb5fd7380) Importer(815301076,1909f56bfc062723c751e8b465ee728b)
Start importing Assets/Fence.prefab using Guid(c39d9e257b68f874d9863c8fb5fd7380) Importer(815301076,1909f56bfc062723c751e8b465ee728b)  -> (artifact id: '83cb03f79dd442a7e0cb4c58aca545b9') in 0.208701 seconds 
  Import took 0.213166 seconds .

========================================================================
Received Prepare
Registering precompiled user dll's ...
Registered in 0.004505 seconds.
Begin MonoManager ReloadAssembly
Native extension for WindowsStandalone target not found
Refreshing native plugins compatible for Editor in 0.30 ms, found 2 plugins.
Preloading 0 native plugins for Editor in 0.00 ms.
Mono: successfully reloaded assembly
- Completed reload, in  0.963 seconds
Platform modules already initialized, skipping
Switching build target platform(19) subTarget(0) extendedPlatform(0) -> platform(13) subTarget(537395200) extendedPlatform(0)
Refreshing native plugins compatible for Editor in 0.31 ms, found 2 plugins.
Preloading 0 native plugins for Editor in 0.00 ms.
Unloading 1445 Unused Serialized files (Serialized files now loaded: 0)
System memory in use before: 73.1 MB.
System memory in use after: 72.7 MB.

Unloading 16 unused Assets to reduce memory usage. Loaded Objects now: 1948.
Total: 2.114800 ms (FindLiveObjects: 0.142800 ms CreateObjectMapping: 0.048000 ms MarkObjects: 1.586100 ms  DeleteObjects: 0.336900 ms)

AssetImportParameters requested are different than current active one (requested -> active):
  custom:framework-win-MediaFoundation: 216162199b28c13a410421893ffa2e32 -> 
  custom:video-decoder-ogg-theora: a1e56fd34408186e4bbccfd4996cb3dc -> 
  custom:container-muxer-webm: aa71ff27fc2769a1b78a27578f13a17b -> 
  custom:container-demuxer-webm: 4f35f7cbe854078d1ac9338744f61a02 -> 
  custom:container-demuxer-ogg: 62fdf1f143b41e24485cea50d1cbac27 -> 
  custom:video-encoder-webm-vp8: eb34c28f22e8b96e1ab97ce403110664 -> 
  custom:video-decoder-webm-vp8: 9c59270c3fd7afecdb556c50c9e8de78 -> 
  custom:graphics/normal-map-encoding: 01000000000000000000000000000000 -> 02000000000000000000000000000000
  custom:audio-decoder-ogg-vorbis: bf7c407c2cedff20999df2af8eb42d56 -> 
  custom:audio-encoder-webm-vorbis: bf7c407c2cedff20999df2af8eb42d56 -> 
========================================================================
Received Prepare
Refreshing native plugins compatible for Editor in 3.30 ms, found 2 plugins.
Preloading 0 native plugins for Editor in 0.00 ms.
Unloading 12 Unused Serialized files (Serialized files now loaded: 0)
System memory in use before: 44.5 MB.
System memory in use after: 44.6 MB.

Unloading 12 unused Assets to reduce memory usage. Loaded Objects now: 1948.
Total: 2.928300 ms (FindLiveObjects: 0.167300 ms CreateObjectMapping: 0.062900 ms MarkObjects: 2.645700 ms  DeleteObjects: 0.051300 ms)

AssetImportParameters requested are different than current active one (requested -> active):
  custom:framework-win-MediaFoundation: 216162199b28c13a410421893ffa2e32 -> 
  custom:video-decoder-ogg-theora: a1e56fd34408186e4bbccfd4996cb3dc -> 
  custom:container-muxer-webm: aa71ff27fc2769a1b78a27578f13a17b -> 
  custom:container-demuxer-webm: 4f35f7cbe854078d1ac9338744f61a02 -> 
  custom:container-demuxer-ogg: 62fdf1f143b41e24485cea50d1cbac27 -> 
  custom:video-encoder-webm-vp8: eb34c28f22e8b96e1ab97ce403110664 -> 
  custom:video-decoder-webm-vp8: 9c59270c3fd7afecdb556c50c9e8de78 -> 
  custom:audio-decoder-ogg-vorbis: bf7c407c2cedff20999df2af8eb42d56 -> 
  custom:audio-encoder-webm-vorbis: bf7c407c2cedff20999df2af8eb42d56 -> 
========================================================================
Received Import Request.
  Time since last request: 1513.816084 seconds.
  path: Assets/coin_PNG36943.png
  artifactKey: Guid(55b9bf45812f3cd42bbc4857e8ab603b) Importer(815301076,1909f56bfc062723c751e8b465ee728b)
Start importing Assets/coin_PNG36943.png using Guid(55b9bf45812f3cd42bbc4857e8ab603b) Importer(815301076,1909f56bfc062723c751e8b465ee728b)  -> (artifact id: 'c2135c6ee727f4bcd80c527098b61609') in 0.112860 seconds 
  Import took 0.117916 seconds .

========================================================================
Received Import Request.
  Time since last request: 0.000262 seconds.
  path: Assets/kisspng-computer-icons-running-clip-art-run-5abbc1f092d4b9.8944627515222543206014.png
  artifactKey: Guid(ba23ea821e22c744788d03d910b65bcc) Importer(815301076,1909f56bfc062723c751e8b465ee728b)
Start importing Assets/kisspng-computer-icons-running-clip-art-run-5abbc1f092d4b9.8944627515222543206014.png using Guid(ba23ea821e22c744788d03d910b65bcc) Importer(815301076,1909f56bfc062723c751e8b465ee728b)  -> (artifact id: '906bbf7ad30dfdbb95b6f86cb008faef') in 0.035803 seconds 
  Import took 0.040927 seconds .

========================================================================
Received Import Request.
  Time since last request: 0.000290 seconds.
  path: Assets/kisspng-computer-icons-running-clip-art-run-5abbc1f092d4b9.8944627515222543206014 1.png
  artifactKey: Guid(d3afe3f64088c8745a22c2fd1a190679) Importer(815301076,1909f56bfc062723c751e8b465ee728b)
Start importing Assets/kisspng-computer-icons-running-clip-art-run-5abbc1f092d4b9.8944627515222543206014 1.png using Guid(d3afe3f64088c8745a22c2fd1a190679) Importer(815301076,1909f56bfc062723c751e8b465ee728b)  -> (artifact id: '80df1d6afd400e0a84205c19a8685157') in 0.027859 seconds 
  Import took 0.032489 seconds .

========================================================================
Received Prepare
Registering precompiled user dll's ...
Registered in 0.006944 seconds.
Begin MonoManager ReloadAssembly
Native extension for WindowsStandalone target not found
Refreshing native plugins compatible for Editor in 0.52 ms, found 2 plugins.
Preloading 0 native plugins for Editor in 0.00 ms.
Mono: successfully reloaded assembly
- Completed reload, in  1.171 seconds
Platform modules already initialized, skipping
Switching build target platform(19) subTarget(0) extendedPlatform(0) -> platform(13) subTarget(537395204) extendedPlatform(0)
Refreshing native plugins compatible for Editor in 0.35 ms, found 2 plugins.
Preloading 0 native plugins for Editor in 0.00 ms.
Unloading 1445 Unused Serialized files (Serialized files now loaded: 0)
System memory in use before: 72.6 MB.
System memory in use after: 72.7 MB.

Unloading 14 unused Assets to reduce memory usage. Loaded Objects now: 1952.
Total: 1.973800 ms (FindLiveObjects: 0.147900 ms CreateObjectMapping: 0.039400 ms MarkObjects: 1.694200 ms  DeleteObjects: 0.091400 ms)

AssetImportParameters requested are different than current active one (requested -> active):
  custom:framework-win-MediaFoundation: 216162199b28c13a410421893ffa2e32 -> 
  custom:video-decoder-ogg-theora: a1e56fd34408186e4bbccfd4996cb3dc -> 
  custom:container-muxer-webm: aa71ff27fc2769a1b78a27578f13a17b -> 
  custom:container-demuxer-webm: 4f35f7cbe854078d1ac9338744f61a02 -> 
  custom:container-demuxer-ogg: 62fdf1f143b41e24485cea50d1cbac27 -> 
  custom:video-encoder-webm-vp8: eb34c28f22e8b96e1ab97ce403110664 -> 
  custom:video-decoder-webm-vp8: 9c59270c3fd7afecdb556c50c9e8de78 -> 
  custom:graphics/normal-map-encoding: 01000000000000000000000000000000 -> 02000000000000000000000000000000
  custom:audio-decoder-ogg-vorbis: bf7c407c2cedff20999df2af8eb42d56 -> 
  custom:audio-encoder-webm-vorbis: bf7c407c2cedff20999df2af8eb42d56 -> 
========================================================================
Received Prepare
Refreshing native plugins compatible for Editor in 3.95 ms, found 2 plugins.
Preloading 0 native plugins for Editor in 0.00 ms.
Unloading 12 Unused Serialized files (Serialized files now loaded: 0)
System memory in use before: 44.5 MB.
System memory in use after: 44.6 MB.

Unloading 12 unused Assets to reduce memory usage. Loaded Objects now: 1952.
Total: 2.162800 ms (FindLiveObjects: 0.162700 ms CreateObjectMapping: 0.053400 ms MarkObjects: 1.874400 ms  DeleteObjects: 0.071200 ms)

AssetImportParameters requested are different than current active one (requested -> active):
  custom:framework-win-MediaFoundation: 216162199b28c13a410421893ffa2e32 -> 
  custom:video-decoder-ogg-theora: a1e56fd34408186e4bbccfd4996cb3dc -> 
  custom:container-muxer-webm: aa71ff27fc2769a1b78a27578f13a17b -> 
  custom:container-demuxer-webm: 4f35f7cbe854078d1ac9338744f61a02 -> 
  custom:container-demuxer-ogg: 62fdf1f143b41e24485cea50d1cbac27 -> 
  custom:video-encoder-webm-vp8: eb34c28f22e8b96e1ab97ce403110664 -> 
  custom:video-decoder-webm-vp8: 9c59270c3fd7afecdb556c50c9e8de78 -> 
  custom:audio-decoder-ogg-vorbis: bf7c407c2cedff20999df2af8eb42d56 -> 
  custom:audio-encoder-webm-vorbis: bf7c407c2cedff20999df2af8eb42d56 -> 
========================================================================
Received Import Request.
  Time since last request: 382.133472 seconds.
  path: Assets
  artifactKey: Guid(00000000000000001000000000000000) Importer(815301076,1909f56bfc062723c751e8b465ee728b)
Start importing Assets using Guid(00000000000000001000000000000000) Importer(815301076,1909f56bfc062723c751e8b465ee728b)  -> (artifact id: '42d402b061de3733987d63b9cc3b64de') in 0.018117 seconds 
  Import took 0.023822 seconds .

AssetImportWorkerClient::OnTransportError - code=2 error=End of file
